Using pre-set license
Built from '2020.3/staging' branch; Version is '2020.3.10f1 (297d780c91bc) revision 2719096'; Using compiler version '192528614'; Build Type 'Release'
OS: 'Windows 10 Home Single Language; OS build 22621.1555; Version 2009; 64bit' Language: 'en' Physical Memory: 7541 MB
BatchMode: 1, IsHumanControllingUs: 0, StartBugReporterOnCrash: 0, Is64bit: 1, IsPro: 0

 COMMAND LINE ARGUMENTS:
C:\Program Files\Unity\Hub\Editor\2020.3.10f1\Editor\Unity.exe
-adb2
-batchMode
-noUpm
-name
AssetImportWorker0
-projectPath
C:/Users/Md Shadik/Last project 2048
-logFile
Logs/AssetImportWorker0.log
-srvPort
49513
Successfully changed project path to: C:/Users/Md Shadik/Last project 2048
C:/Users/Md Shadik/Last project 2048
Using Asset Import Pipeline V2.
Refreshing native plugins compatible for Editor in 79.26 ms, found 2 plugins.
Preloading 0 native plugins for Editor in 0.00 ms.
Initialize engine version: 2020.3.10f1 (297d780c91bc)
[Subsystems] Discovering subsystems at path C:/Program Files/Unity/Hub/Editor/2020.3.10f1/Editor/Data/Resources/UnitySubsystems
[Subsystems] Discovering subsystems at path C:/Users/Md Shadik/Last project 2048/Assets
GfxDevice: creating device client; threaded=0
Direct3D:
    Version:  Direct3D 11.0 [level 11.1]
    Renderer: NVIDIA GeForce GTX 1650 Ti (ID=0x1f95)
    Vendor:   
    VRAM:     3962 MB
    Driver:   30.0.15.1278
Initialize mono
Mono path[0] = 'C:/Program Files/Unity/Hub/Editor/2020.3.10f1/Editor/Data/Managed'
Mono path[1] = 'C:/Program Files/Unity/Hub/Editor/2020.3.10f1/Editor/Data/MonoBleedingEdge/lib/mono/unityjit'
Mono config path = 'C:/Program Files/Unity/Hub/Editor/2020.3.10f1/Editor/Data/MonoBleedingEdge/etc'
Using monoOptions --debugger-agent=transport=dt_socket,embedding=1,server=y,suspend=n,address=127.0.0.1:56596
Begin MonoManager ReloadAssembly
Registering precompiled unity dll's ...
Register platform support module: C:/Program Files/Unity/Hub/Editor/2020.3.10f1/Editor/Data/PlaybackEngines/WebGLSupport/UnityEditor.WebGL.Extensions.dll
Register platform support module: C:/Program Files/Unity/Hub/Editor/2020.3.10f1/Editor/Data/PlaybackEngines/WindowsStandaloneSupport/UnityEditor.WindowsStandalone.Extensions.dll
Registered in 0.003786 seconds.
Native extension for WindowsStandalone target not found
Native extension for WebGL target not found
Refreshing native plugins compatible for Editor in 40.95 ms, found 2 plugins.
Preloading 0 native plugins for Editor in 0.00 ms.
Mono: successfully reloaded assembly
- Completed reload, in  7.286 seconds
Platform modules already initialized, skipping
Registering precompiled user dll's ...
Registered in 0.010259 seconds.
Begin MonoManager ReloadAssembly
Native extension for WindowsStandalone target not found
Native extension for WebGL target not found
Refreshing native plugins compatible for Editor in 1.04 ms, found 2 plugins.
Preloading 0 native plugins for Editor in 0.00 ms.
Mono: successfully reloaded assembly
- Completed reload, in  1.311 seconds
Platform modules already initialized, skipping
========================================================================
Worker process is ready to serve import requests
Launched and connected shader compiler UnityShaderCompiler.exe after 0.11 seconds
Refreshing native plugins compatible for Editor in 1.07 ms, found 2 plugins.
Preloading 0 native plugins for Editor in 0.00 ms.
Unloading 1505 Unused Serialized files (Serialized files now loaded: 0)
System memory in use before: 69.5 MB.
System memory in use after: 69.6 MB.

Unloading 31 unused Assets to reduce memory usage. Loaded Objects now: 1927.
Total: 5.500300 ms (FindLiveObjects: 0.385900 ms CreateObjectMapping: 0.054000 ms MarkObjects: 4.692200 ms  DeleteObjects: 0.365400 ms)

========================================================================
Received Import Request.
  path: Assets/menu.png
  artifactKey: Guid(6ce4301cc0574c34784b9ae7b2164770) Importer(815301076,1909f56bfc062723c751e8b465ee728b)
Start importing Assets/menu.png using Guid(6ce4301cc0574c34784b9ae7b2164770) Importer(815301076,1909f56bfc062723c751e8b465ee728b)  -> (artifact id: '5bfdb7f49cdc538f5ed272b6a4bc11b6') in 0.240169 seconds
  Import took 0.246630 seconds .

========================================================================
Received Import Request.
  Time since last request: 0.000463 seconds.
  path: Assets/Reset-icon.png
  artifactKey: Guid(b810c265d0f55134a8ddf31fac1bc593) Importer(815301076,1909f56bfc062723c751e8b465ee728b)
Start importing Assets/Reset-icon.png using Guid(b810c265d0f55134a8ddf31fac1bc593) Importer(815301076,1909f56bfc062723c751e8b465ee728b)  -> (artifact id: '9a6a2bb46095219af053531d8609f39b') in 0.032871 seconds
  Import took 0.038297 seconds .

========================================================================
Received Import Request.
  Time since last request: 0.000562 seconds.
  path: Assets/raphael_microphone-mute_flat-circle-white-on-ios-blue-gradient_512x512.png
  artifactKey: Guid(4e2a9cd514ab41843818a3862de2d1d1) Importer(815301076,1909f56bfc062723c751e8b465ee728b)
Start importing Assets/raphael_microphone-mute_flat-circle-white-on-ios-blue-gradient_512x512.png using Guid(4e2a9cd514ab41843818a3862de2d1d1) Importer(815301076,1909f56bfc062723c751e8b465ee728b)  -> (artifact id: '6351b3bbe75c32a1160132eeba92e003') in 0.029646 seconds
  Import took 0.035698 seconds .

========================================================================
Received Import Request.
  Time since last request: 0.002292 seconds.
  path: Assets/Icojam-Blue-Bits-Symbol-delete.png
  artifactKey: Guid(6281ddac05f4f1c4f8a1943c367cc39a) Importer(815301076,1909f56bfc062723c751e8b465ee728b)
Start importing Assets/Icojam-Blue-Bits-Symbol-delete.png using Guid(6281ddac05f4f1c4f8a1943c367cc39a) Importer(815301076,1909f56bfc062723c751e8b465ee728b)  -> (artifact id: '6f9cf29f47ee077b4009fde03dae82c4') in 0.034375 seconds
  Import took 0.040205 seconds .

========================================================================
Received Import Request.
  Time since last request: 0.000875 seconds.
  path: Assets/950776.png
  artifactKey: Guid(775635a308a2f064a9e199ee271399a0) Importer(815301076,1909f56bfc062723c751e8b465ee728b)
Start importing Assets/950776.png using Guid(775635a308a2f064a9e199ee271399a0) Importer(815301076,1909f56bfc062723c751e8b465ee728b)  -> (artifact id: '6c37770fec97f7861ab0af342d799a73') in 0.037410 seconds
  Import took 0.043064 seconds .

========================================================================
Received Import Request.
  Time since last request: 0.001105 seconds.
  path: Assets/Home-icon.png
  artifactKey: Guid(19c75f61deee3724d9063c8e6436d104) Importer(815301076,1909f56bfc062723c751e8b465ee728b)
Start importing Assets/Home-icon.png using Guid(19c75f61deee3724d9063c8e6436d104) Importer(815301076,1909f56bfc062723c751e8b465ee728b)  -> (artifact id: 'f2df719058e68f5b0fde0ffc44176dd6') in 0.028694 seconds
  Import took 0.034321 seconds .

========================================================================
Received Import Request.
  Time since last request: 0.000790 seconds.
  path: Assets/swipe sound effect.mp3
  artifactKey: Guid(9ca0ec5392ff8fa40900201364678856) Importer(815301076,1909f56bfc062723c751e8b465ee728b)
Start importing Assets/swipe sound effect.mp3 using Guid(9ca0ec5392ff8fa40900201364678856) Importer(815301076,1909f56bfc062723c751e8b465ee728b)  -> (artifact id: '96a567df59e2e03c99b2641155f184b4') in 0.141216 seconds
  Import took 0.146664 seconds .

========================================================================
Received Import Request.
  Time since last request: 0.000742 seconds.
  path: Assets/settings-modified.png
  artifactKey: Guid(588843b6299a6864fb6afac7443f0598) Importer(815301076,1909f56bfc062723c751e8b465ee728b)
Start importing Assets/settings-modified.png using Guid(588843b6299a6864fb6afac7443f0598) Importer(815301076,1909f56bfc062723c751e8b465ee728b)  -> (artifact id: 'ff2293efdb94a7d8277512c2315704d4') in 0.039601 seconds
  Import took 0.047376 seconds .

========================================================================
Received Import Request.
  Time since last request: 0.000791 seconds.
  path: Assets/quit.png
  artifactKey: Guid(fc372c36a180533499a7c1e78e26bb4e) Importer(815301076,1909f56bfc062723c751e8b465ee728b)
Start importing Assets/quit.png using Guid(fc372c36a180533499a7c1e78e26bb4e) Importer(815301076,1909f56bfc062723c751e8b465ee728b)  -> (artifact id: '599a6cf3ed44a221851a93435273fdc5') in 0.030191 seconds
  Import took 0.037452 seconds .

========================================================================
Received Prepare
Registering precompiled user dll's ...
Registered in 0.007171 seconds.
Begin MonoManager ReloadAssembly
Native extension for WindowsStandalone target not found
Native extension for WebGL target not found
Refreshing native plugins compatible for Editor in 0.85 ms, found 2 plugins.
Preloading 0 native plugins for Editor in 0.00 ms.
Mono: successfully reloaded assembly
- Completed reload, in  1.434 seconds
Platform modules already initialized, skipping
Refreshing native plugins compatible for Editor in 0.56 ms, found 2 plugins.
Preloading 0 native plugins for Editor in 0.00 ms.
Unloading 1486 Unused Serialized files (Serialized files now loaded: 0)
System memory in use before: 71.2 MB.
System memory in use after: 71.3 MB.

Unloading 26 unused Assets to reduce memory usage. Loaded Objects now: 1941.
Total: 5.208900 ms (FindLiveObjects: 0.571200 ms CreateObjectMapping: 0.078300 ms MarkObjects: 4.474300 ms  DeleteObjects: 0.078800 ms)

========================================================================
Received Prepare
Refreshing native plugins compatible for Editor in 11.59 ms, found 2 plugins.
Preloading 0 native plugins for Editor in 0.00 ms.
Unloading 24 Unused Serialized files (Serialized files now loaded: 0)
System memory in use before: 42.3 MB.
System memory in use after: 42.4 MB.

Unloading 24 unused Assets to reduce memory usage. Loaded Objects now: 1941.
Total: 5.460600 ms (FindLiveObjects: 0.565100 ms CreateObjectMapping: 0.086700 ms MarkObjects: 4.767900 ms  DeleteObjects: 0.037800 ms)

========================================================================
Received Prepare
Registering precompiled user dll's ...
Registered in 0.009826 seconds.
Begin MonoManager ReloadAssembly
Native extension for WindowsStandalone target not found
Native extension for WebGL target not found
Refreshing native plugins compatible for Editor in 1.38 ms, found 2 plugins.
Preloading 0 native plugins for Editor in 0.00 ms.
Mono: successfully reloaded assembly
- Completed reload, in  1.570 seconds
Platform modules already initialized, skipping
Switching build target platform(19) subTarget(0) extendedPlatform(0) -> platform(13) subTarget(537395200) extendedPlatform(0)
Refreshing native plugins compatible for Editor in 0.48 ms, found 2 plugins.
Preloading 0 native plugins for Editor in 0.00 ms.
Unloading 1490 Unused Serialized files (Serialized files now loaded: 0)
System memory in use before: 71.3 MB.
System memory in use after: 71.4 MB.

Unloading 26 unused Assets to reduce memory usage. Loaded Objects now: 1944.
Total: 4.142800 ms (FindLiveObjects: 0.321800 ms CreateObjectMapping: 0.080000 ms MarkObjects: 3.690400 ms  DeleteObjects: 0.048000 ms)

AssetImportParameters requested are different than current active one (requested -> active):
  custom:graphics/normal-map-encoding: 01000000000000000000000000000000 -> 02000000000000000000000000000000
========================================================================
Received Prepare
Refreshing native plugins compatible for Editor in 10.11 ms, found 2 plugins.
Preloading 0 native plugins for Editor in 0.00 ms.
Unloading 24 Unused Serialized files (Serialized files now loaded: 0)
System memory in use before: 42.3 MB.
System memory in use after: 42.4 MB.

Unloading 24 unused Assets to reduce memory usage. Loaded Objects now: 1944.
Total: 4.618700 ms (FindLiveObjects: 0.532400 ms CreateObjectMapping: 0.111500 ms MarkObjects: 3.936700 ms  DeleteObjects: 0.035100 ms)

========================================================================
Received Prepare
Registering precompiled user dll's ...
Registered in 0.012292 seconds.
Begin MonoManager ReloadAssembly
Native extension for WindowsStandalone target not found
Native extension for WebGL target not found
Refreshing native plugins compatible for Editor in 0.58 ms, found 2 plugins.
Preloading 0 native plugins for Editor in 0.00 ms.
Mono: successfully reloaded assembly
- Completed reload, in  1.190 seconds
Platform modules already initialized, skipping
Refreshing native plugins compatible for Editor in 0.93 ms, found 2 plugins.
Preloading 0 native plugins for Editor in 0.00 ms.
Unloading 1486 Unused Serialized files (Serialized files now loaded: 0)
System memory in use before: 71.3 MB.
System memory in use after: 71.4 MB.

Unloading 26 unused Assets to reduce memory usage. Loaded Objects now: 1947.
Total: 3.535600 ms (FindLiveObjects: 0.187300 ms CreateObjectMapping: 0.038400 ms MarkObjects: 3.254700 ms  DeleteObjects: 0.052400 ms)

========================================================================
Received Prepare
Refreshing native plugins compatible for Editor in 11.14 ms, found 2 plugins.
Preloading 0 native plugins for Editor in 0.00 ms.
Unloading 24 Unused Serialized files (Serialized files now loaded: 0)
System memory in use before: 42.4 MB.
System memory in use after: 42.5 MB.

Unloading 24 unused Assets to reduce memory usage. Loaded Objects now: 1947.
Total: 1.973800 ms (FindLiveObjects: 0.189600 ms CreateObjectMapping: 0.038600 ms MarkObjects: 1.720800 ms  DeleteObjects: 0.023900 ms)

========================================================================
Received Prepare
Refreshing native plugins compatible for Editor in 13.91 ms, found 2 plugins.
Preloading 0 native plugins for Editor in 0.00 ms.
Unloading 24 Unused Serialized files (Serialized files now loaded: 0)
System memory in use before: 42.4 MB.
System memory in use after: 42.5 MB.

Unloading 24 unused Assets to reduce memory usage. Loaded Objects now: 1947.
Total: 6.299200 ms (FindLiveObjects: 0.715400 ms CreateObjectMapping: 0.082200 ms MarkObjects: 5.429400 ms  DeleteObjects: 0.069200 ms)

AssetImportWorkerClient::OnTransportError - code=2 error=End of file
